<?xml version="1.0" encoding="UTF-8"?>
<!-- Generated by org.testng.reporters.JUnitReportReporter -->
<testsuite hostname="IN3072595W1" failures="0" tests="1" name="testOne.MyTestCaseOne" time="0.015" errors="0" timestamp="2023-12-28T00:11:35 IST" skipped="0">
  <testcase classname="testOne.MyTestCaseOne" name="testOne" time="0.015"/>
  <system-out/>
</testsuite> <!-- testOne.MyTestCaseOne -->
